# JRE version: Java(TM) SE Runtime Environment (8.0_111-b14) (build 1.8.0_111-b14)
# Java VM: Java HotSpot(TM) 64-Bit Server VM (25.111-b14 mixed mode windows-amd64 compressed oops)
Heap:
 PSYoungGen      total 454144K, used 324389K [0x00000000d5d80000, 0x00000000f4c00000, 0x0000000100000000)
  eden space 431104K, 72% used [0x00000000d5d80000,0x00000000e9061bf8,0x00000000f0280000)
  from space 23040K, 44% used [0x00000000f0280000,0x00000000f0c67858,0x00000000f1900000)
  to   space 22528K, 0% used [0x00000000f1900000,0x00000000f1900000,0x00000000f2f00000)
 ParOldGen       total 110080K, used 31085K [0x0000000081800000, 0x0000000088380000, 0x00000000d5d80000)
  object space 110080K, 28% used [0x0000000081800000,0x000000008365b7c0,0x0000000088380000)
 Metaspace       used 62686K, capacity 67354K, committed 67584K, reserved 1107968K
  class space    used 8890K, capacity 9675K, committed 9728K, reserved 1048576K
GC Heap History (10 events):
Event: 16.496 GC heap before
{Heap before GC invocations=12 (full 2):
 PSYoungGen      total 335360K, used 8816K [0x00000000d5d80000, 0x00000000eea80000, 0x0000000100000000)
  eden space 319488K, 0% used [0x00000000d5d80000,0x00000000d5d80000,0x00000000e9580000)
  from space 15872K, 55% used [0x00000000ea480000,0x00000000ead1c368,0x00000000eb400000)
  to   space 15360K, 0% used [0x00000000e9580000,0x00000000e9580000,0x00000000ea480000)
 ParOldGen       total 56832K, used 16798K [0x0000000081800000, 0x0000000084f80000, 0x00000000d5d80000)
  object space 56832K, 29% used [0x0000000081800000,0x00000000828679b8,0x0000000084f80000)
 Metaspace       used 33177K, capacity 35378K, committed 35496K, reserved 1079296K
  class space    used 4502K, capacity 4913K, committed 4992K, reserved 1048576K
Event: 16.705 GC heap after
Heap after GC invocations=12 (full 2):
 PSYoungGen      total 335360K, used 0K [0x00000000d5d80000, 0x00000000eea80000, 0x0000000100000000)
  eden space 319488K, 0% used [0x00000000d5d80000,0x00000000d5d80000,0x00000000e9580000)
  from space 15872K, 0% used [0x00000000ea480000,0x00000000ea480000,0x00000000eb400000)
  to   space 15360K, 0% used [0x00000000e9580000,0x00000000e9580000,0x00000000ea480000)
 ParOldGen       total 83456K, used 20704K [0x0000000081800000, 0x0000000086980000, 0x00000000d5d80000)
  object space 83456K, 24% used [0x0000000081800000,0x0000000082c38050,0x0000000086980000)
 Metaspace       used 33177K, capacity 35378K, committed 35496K, reserved 1079296K
  class space    used 4502K, capacity 4913K, committed 4992K, reserved 1048576K
}
Event: 46.220 GC heap before
{Heap before GC invocations=13 (full 2):
 PSYoungGen      total 335360K, used 319488K [0x00000000d5d80000, 0x00000000eea80000, 0x0000000100000000)
  eden space 319488K, 100% used [0x00000000d5d80000,0x00000000e9580000,0x00000000e9580000)
  from space 15872K, 0% used [0x00000000ea480000,0x00000000ea480000,0x00000000eb400000)
  to   space 15360K, 0% used [0x00000000e9580000,0x00000000e9580000,0x00000000ea480000)
 ParOldGen       total 83456K, used 20704K [0x0000000081800000, 0x0000000086980000, 0x00000000d5d80000)
  object space 83456K, 24% used [0x0000000081800000,0x0000000082c38050,0x0000000086980000)
 Metaspace       used 54744K, capacity 58416K, committed 58624K, reserved 1099776K
  class space    used 7679K, capacity 8322K, committed 8448K, reserved 1048576K
Event: 46.293 GC heap after
Heap after GC invocations=13 (full 2):
 PSYoungGen      total 334848K, used 15332K [0x00000000d5d80000, 0x00000000f2f00000, 0x0000000100000000)
  eden space 319488K, 0% used [0x00000000d5d80000,0x00000000d5d80000,0x00000000e9580000)
  from space 15360K, 99% used [0x00000000e9580000,0x00000000ea479038,0x00000000ea480000)
  to   space 22528K, 0% used [0x00000000f1900000,0x00000000f1900000,0x00000000f2f00000)
 ParOldGen       total 83456K, used 34542K [0x0000000081800000, 0x0000000086980000, 0x00000000d5d80000)
  object space 83456K, 41% used [0x0000000081800000,0x00000000839bbbe8,0x0000000086980000)
 Metaspace       used 54744K, capacity 58416K, committed 58624K, reserved 1099776K
  class space    used 7679K, capacity 8322K, committed 8448K, reserved 1048576K
}
Event: 46.567 GC heap before
{Heap before GC invocations=14 (full 2):
 PSYoungGen      total 334848K, used 39860K [0x00000000d5d80000, 0x00000000f2f00000, 0x0000000100000000)
  eden space 319488K, 7% used [0x00000000d5d80000,0x00000000d7574318,0x00000000e9580000)
  from space 15360K, 99% used [0x00000000e9580000,0x00000000ea479038,0x00000000ea480000)
  to   space 22528K, 0% used [0x00000000f1900000,0x00000000f1900000,0x00000000f2f00000)
 ParOldGen       total 83456K, used 34542K [0x0000000081800000, 0x0000000086980000, 0x00000000d5d80000)
  object space 83456K, 41% used [0x0000000081800000,0x00000000839bbbe8,0x0000000086980000)
 Metaspace       used 55463K, capacity 59154K, committed 59160K, reserved 1099776K
  class space    used 7792K, capacity 8447K, committed 8448K, reserved 1048576K
Event: 46.605 GC heap after
Heap after GC invocations=14 (full 2):
 PSYoungGen      total 453632K, used 1400K [0x00000000d5d80000, 0x00000000f4c00000, 0x0000000100000000)
  eden space 431104K, 0% used [0x00000000d5d80000,0x00000000d5d80000,0x00000000f0280000)
  from space 22528K, 6% used [0x00000000f1900000,0x00000000f1a5e290,0x00000000f2f00000)
  to   space 23040K, 0% used [0x00000000f0280000,0x00000000f0280000,0x00000000f1900000)
 ParOldGen       total 83456K, used 46511K [0x0000000081800000, 0x0000000086980000, 0x00000000d5d80000)
  object space 83456K, 55% used [0x0000000081800000,0x000000008456bef0,0x0000000086980000)
 Metaspace       used 55463K, capacity 59154K, committed 59160K, reserved 1099776K
  class space    used 7792K, capacity 8447K, committed 8448K, reserved 1048576K
}
Event: 46.605 GC heap before
{Heap before GC invocations=15 (full 3):
 PSYoungGen      total 453632K, used 1400K [0x00000000d5d80000, 0x00000000f4c00000, 0x0000000100000000)
  eden space 431104K, 0% used [0x00000000d5d80000,0x00000000d5d80000,0x00000000f0280000)
  from space 22528K, 6% used [0x00000000f1900000,0x00000000f1a5e290,0x00000000f2f00000)
  to   space 23040K, 0% used [0x00000000f0280000,0x00000000f0280000,0x00000000f1900000)
 ParOldGen       total 83456K, used 46511K [0x0000000081800000, 0x0000000086980000, 0x00000000d5d80000)
  object space 83456K, 55% used [0x0000000081800000,0x000000008456bef0,0x0000000086980000)
 Metaspace       used 55463K, capacity 59154K, committed 59160K, reserved 1099776K
  class space    used 7792K, capacity 8447K, committed 8448K, reserved 1048576K
Event: 47.113 GC heap after
Heap after GC invocations=15 (full 3):
 PSYoungGen      total 453632K, used 0K [0x00000000d5d80000, 0x00000000f4c00000, 0x0000000100000000)
  eden space 431104K, 0% used [0x00000000d5d80000,0x00000000d5d80000,0x00000000f0280000)
  from space 22528K, 0% used [0x00000000f1900000,0x00000000f1900000,0x00000000f2f00000)
  to   space 23040K, 0% used [0x00000000f0280000,0x00000000f0280000,0x00000000f1900000)
 ParOldGen       total 110080K, used 31077K [0x0000000081800000, 0x0000000088380000, 0x00000000d5d80000)
  object space 110080K, 28% used [0x0000000081800000,0x00000000836597c0,0x0000000088380000)
 Metaspace       used 55459K, capacity 59148K, committed 59160K, reserved 1099776K
  class space    used 7791K, capacity 8446K, committed 8448K, reserved 1048576K
}
Event: 55.285 GC heap before
{Heap before GC invocations=16 (full 3):
 PSYoungGen      total 453632K, used 431104K [0x00000000d5d80000, 0x00000000f4c00000, 0x0000000100000000)
  eden space 431104K, 100% used [0x00000000d5d80000,0x00000000f0280000,0x00000000f0280000)
  from space 22528K, 0% used [0x00000000f1900000,0x00000000f1900000,0x00000000f2f00000)
  to   space 23040K, 0% used [0x00000000f0280000,0x00000000f0280000,0x00000000f1900000)
 ParOldGen       total 110080K, used 31077K [0x0000000081800000, 0x0000000088380000, 0x00000000d5d80000)
  object space 110080K, 28% used [0x0000000081800000,0x00000000836597c0,0x0000000088380000)
 Metaspace       used 59122K, capacity 63458K, committed 63744K, reserved 1103872K
  class space    used 8350K, capacity 9101K, committed 9216K, reserved 1048576K
Event: 55.332 GC heap after
Heap after GC invocations=16 (full 3):
 PSYoungGen      total 454144K, used 10142K [0x00000000d5d80000, 0x00000000f4c00000, 0x0000000100000000)
  eden space 431104K, 0% used [0x00000000d5d80000,0x00000000d5d80000,0x00000000f0280000)
  from space 23040K, 44% used [0x00000000f0280000,0x00000000f0c67858,0x00000000f1900000)
  to   space 22528K, 0% used [0x00000000f1900000,0x00000000f1900000,0x00000000f2f00000)
 ParOldGen       total 110080K, used 31085K [0x0000000081800000, 0x0000000088380000, 0x00000000d5d80000)
  object space 110080K, 28% used [0x0000000081800000,0x000000008365b7c0,0x0000000088380000)
 Metaspace       used 59122K, capacity 63458K, committed 63744K, reserved 1103872K
  class space    used 8350K, capacity 9101K, committed 9216K, reserved 1048576K
}

