# JRE version: Java(TM) SE Runtime Environment (8.0_111-b14) (build 1.8.0_111-b14)
# Java VM: Java HotSpot(TM) 64-Bit Server VM (25.111-b14 mixed mode windows-amd64 compressed oops)
Heap:
 PSYoungGen      total 428032K, used 139600K [0x00000000d5d80000, 0x00000000fb200000, 0x0000000100000000)
  eden space 401920K, 34% used [0x00000000d5d80000,0x00000000de5d41e0,0x00000000ee600000)
  from space 26112K, 0% used [0x00000000ee600000,0x00000000ee600000,0x00000000eff80000)
  to   space 26112K, 0% used [0x00000000f9880000,0x00000000f9880000,0x00000000fb200000)
 ParOldGen       total 113664K, used 33418K [0x0000000081800000, 0x0000000088700000, 0x00000000d5d80000)
  object space 113664K, 29% used [0x0000000081800000,0x00000000838a28f8,0x0000000088700000)
 Metaspace       used 55532K, capacity 59520K, committed 59736K, reserved 1099776K
  class space    used 7769K, capacity 8461K, committed 8576K, reserved 1048576K
GC Heap History (10 events):
Event: 44.906 GC heap before
{Heap before GC invocations=8 (full 1):
 PSYoungGen      total 247296K, used 234118K [0x00000000d5d80000, 0x00000000e7b80000, 0x0000000100000000)
  eden space 236032K, 94% used [0x00000000d5d80000,0x00000000e377e278,0x00000000e4400000)
  from space 11264K, 96% used [0x00000000e7080000,0x00000000e7b236b8,0x00000000e7b80000)
  to   space 16384K, 0% used [0x00000000e5b80000,0x00000000e5b80000,0x00000000e6b80000)
 ParOldGen       total 59904K, used 10933K [0x0000000081800000, 0x0000000085280000, 0x00000000d5d80000)
  object space 59904K, 18% used [0x0000000081800000,0x00000000822ad650,0x0000000085280000)
 Metaspace       used 33089K, capacity 35300K, committed 35456K, reserved 1079296K
  class space    used 4448K, capacity 4871K, committed 4992K, reserved 1048576K
Event: 45.015 GC heap after
Heap after GC invocations=8 (full 1):
 PSYoungGen      total 276480K, used 16069K [0x00000000d5d80000, 0x00000000f1200000, 0x0000000100000000)
  eden space 260096K, 0% used [0x00000000d5d80000,0x00000000d5d80000,0x00000000e5b80000)
  from space 16384K, 98% used [0x00000000e5b80000,0x00000000e6b315b8,0x00000000e6b80000)
  to   space 18944K, 0% used [0x00000000eff80000,0x00000000eff80000,0x00000000f1200000)
 ParOldGen       total 59904K, used 10941K [0x0000000081800000, 0x0000000085280000, 0x00000000d5d80000)
  object space 59904K, 18% used [0x0000000081800000,0x00000000822af650,0x0000000085280000)
 Metaspace       used 33089K, capacity 35300K, committed 35456K, reserved 1079296K
  class space    used 4448K, capacity 4871K, committed 4992K, reserved 1048576K
}
Event: 45.015 GC heap before
{Heap before GC invocations=9 (full 2):
 PSYoungGen      total 276480K, used 16069K [0x00000000d5d80000, 0x00000000f1200000, 0x0000000100000000)
  eden space 260096K, 0% used [0x00000000d5d80000,0x00000000d5d80000,0x00000000e5b80000)
  from space 16384K, 98% used [0x00000000e5b80000,0x00000000e6b315b8,0x00000000e6b80000)
  to   space 18944K, 0% used [0x00000000eff80000,0x00000000eff80000,0x00000000f1200000)
 ParOldGen       total 59904K, used 10941K [0x0000000081800000, 0x0000000085280000, 0x00000000d5d80000)
  object space 59904K, 18% used [0x0000000081800000,0x00000000822af650,0x0000000085280000)
 Metaspace       used 33089K, capacity 35300K, committed 35456K, reserved 1079296K
  class space    used 4448K, capacity 4871K, committed 4992K, reserved 1048576K
Event: 45.321 GC heap after
Heap after GC invocations=9 (full 2):
 PSYoungGen      total 276480K, used 0K [0x00000000d5d80000, 0x00000000f1200000, 0x0000000100000000)
  eden space 260096K, 0% used [0x00000000d5d80000,0x00000000d5d80000,0x00000000e5b80000)
  from space 16384K, 0% used [0x00000000e5b80000,0x00000000e5b80000,0x00000000e6b80000)
  to   space 18944K, 0% used [0x00000000eff80000,0x00000000eff80000,0x00000000f1200000)
 ParOldGen       total 83968K, used 22606K [0x0000000081800000, 0x0000000086a00000, 0x00000000d5d80000)
  object space 83968K, 26% used [0x0000000081800000,0x0000000082e13ab0,0x0000000086a00000)
 Metaspace       used 33089K, capacity 35300K, committed 35456K, reserved 1079296K
  class space    used 4448K, capacity 4871K, committed 4992K, reserved 1048576K
}
Event: 61.408 GC heap before
{Heap before GC invocations=10 (full 2):
 PSYoungGen      total 276480K, used 260096K [0x00000000d5d80000, 0x00000000f1200000, 0x0000000100000000)
  eden space 260096K, 100% used [0x00000000d5d80000,0x00000000e5b80000,0x00000000e5b80000)
  from space 16384K, 0% used [0x00000000e5b80000,0x00000000e5b80000,0x00000000e6b80000)
  to   space 18944K, 0% used [0x00000000eff80000,0x00000000eff80000,0x00000000f1200000)
 ParOldGen       total 83968K, used 22606K [0x0000000081800000, 0x0000000086a00000, 0x00000000d5d80000)
  object space 83968K, 26% used [0x0000000081800000,0x0000000082e13ab0,0x0000000086a00000)
 Metaspace       used 53207K, capacity 56946K, committed 57088K, reserved 1097728K
  class space    used 7447K, capacity 8118K, committed 8192K, reserved 1048576K
Event: 61.521 GC heap after
Heap after GC invocations=10 (full 2):
 PSYoungGen      total 420864K, used 18931K [0x00000000d5d80000, 0x00000000f3100000, 0x0000000100000000)
  eden space 401920K, 0% used [0x00000000d5d80000,0x00000000d5d80000,0x00000000ee600000)
  from space 18944K, 99% used [0x00000000eff80000,0x00000000f11fcc38,0x00000000f1200000)
  to   space 26112K, 0% used [0x00000000ee600000,0x00000000ee600000,0x00000000eff80000)
 ParOldGen       total 83968K, used 31341K [0x0000000081800000, 0x0000000086a00000, 0x00000000d5d80000)
  object space 83968K, 37% used [0x0000000081800000,0x000000008369b640,0x0000000086a00000)
 Metaspace       used 53207K, capacity 56946K, committed 57088K, reserved 1097728K
  class space    used 7447K, capacity 8118K, committed 8192K, reserved 1048576K
}
Event: 64.938 GC heap before
{Heap before GC invocations=11 (full 2):
 PSYoungGen      total 420864K, used 86623K [0x00000000d5d80000, 0x00000000f3100000, 0x0000000100000000)
  eden space 401920K, 16% used [0x00000000d5d80000,0x00000000d9f9b2f0,0x00000000ee600000)
  from space 18944K, 99% used [0x00000000eff80000,0x00000000f11fcc38,0x00000000f1200000)
  to   space 26112K, 0% used [0x00000000ee600000,0x00000000ee600000,0x00000000eff80000)
 ParOldGen       total 83968K, used 31341K [0x0000000081800000, 0x0000000086a00000, 0x00000000d5d80000)
  object space 83968K, 37% used [0x0000000081800000,0x000000008369b640,0x0000000086a00000)
 Metaspace       used 55076K, capacity 58990K, committed 59096K, reserved 1099776K
  class space    used 7699K, capacity 8394K, committed 8448K, reserved 1048576K
Event: 65.010 GC heap after
Heap after GC invocations=11 (full 2):
 PSYoungGen      total 428032K, used 15314K [0x00000000d5d80000, 0x00000000fb200000, 0x0000000100000000)
  eden space 401920K, 0% used [0x00000000d5d80000,0x00000000d5d80000,0x00000000ee600000)
  from space 26112K, 58% used [0x00000000ee600000,0x00000000ef4f4b70,0x00000000eff80000)
  to   space 26112K, 0% used [0x00000000f9880000,0x00000000f9880000,0x00000000fb200000)
 ParOldGen       total 83968K, used 31357K [0x0000000081800000, 0x0000000086a00000, 0x00000000d5d80000)
  object space 83968K, 37% used [0x0000000081800000,0x000000008369f640,0x0000000086a00000)
 Metaspace       used 55076K, capacity 58990K, committed 59096K, reserved 1099776K
  class space    used 7699K, capacity 8394K, committed 8448K, reserved 1048576K
}
Event: 65.010 GC heap before
{Heap before GC invocations=12 (full 3):
 PSYoungGen      total 428032K, used 15314K [0x00000000d5d80000, 0x00000000fb200000, 0x0000000100000000)
  eden space 401920K, 0% used [0x00000000d5d80000,0x00000000d5d80000,0x00000000ee600000)
  from space 26112K, 58% used [0x00000000ee600000,0x00000000ef4f4b70,0x00000000eff80000)
  to   space 26112K, 0% used [0x00000000f9880000,0x00000000f9880000,0x00000000fb200000)
 ParOldGen       total 83968K, used 31357K [0x0000000081800000, 0x0000000086a00000, 0x00000000d5d80000)
  object space 83968K, 37% used [0x0000000081800000,0x000000008369f640,0x0000000086a00000)
 Metaspace       used 55076K, capacity 58990K, committed 59096K, reserved 1099776K
  class space    used 7699K, capacity 8394K, committed 8448K, reserved 1048576K
Event: 65.849 GC heap after
Heap after GC invocations=12 (full 3):
 PSYoungGen      total 428032K, used 0K [0x00000000d5d80000, 0x00000000fb200000, 0x0000000100000000)
  eden space 401920K, 0% used [0x00000000d5d80000,0x00000000d5d80000,0x00000000ee600000)
  from space 26112K, 0% used [0x00000000ee600000,0x00000000ee600000,0x00000000eff80000)
  to   space 26112K, 0% used [0x00000000f9880000,0x00000000f9880000,0x00000000fb200000)
 ParOldGen       total 113664K, used 33418K [0x0000000081800000, 0x0000000088700000, 0x00000000d5d80000)
  object space 113664K, 29% used [0x0000000081800000,0x00000000838a28f8,0x0000000088700000)
 Metaspace       used 55072K, capacity 58984K, committed 59096K, reserved 1099776K
  class space    used 7698K, capacity 8393K, committed 8448K, reserved 1048576K
}

