# JRE version: Java(TM) SE Runtime Environment (8.0_111-b14) (build 1.8.0_111-b14)
# Java VM: Java HotSpot(TM) 64-Bit Server VM (25.111-b14 mixed mode windows-amd64 compressed oops)
Heap:
 PSYoungGen      total 146944K, used 86972K [0x00000000d5d80000, 0x00000000dfa80000, 0x0000000100000000)
  eden space 133120K, 65% used [0x00000000d5d80000,0x00000000db26f298,0x00000000ddf80000)
  from space 13824K, 0% used [0x00000000ddf80000,0x00000000ddf80000,0x00000000ded00000)
  to   space 13824K, 0% used [0x00000000ded00000,0x00000000ded00000,0x00000000dfa80000)
 ParOldGen       total 79360K, used 22246K [0x0000000081800000, 0x0000000086580000, 0x00000000d5d80000)
  object space 79360K, 28% used [0x0000000081800000,0x0000000082db9b50,0x0000000086580000)
 Metaspace       used 22089K, capacity 22600K, committed 22704K, reserved 1069056K
  class space    used 2590K, capacity 2714K, committed 2736K, reserved 1048576K
GC Heap History (10 events):
Event: 8.392 GC heap before
{Heap before GC invocations=4 (full 0):
 PSYoungGen      total 38400K, used 38384K [0x00000000d5d80000, 0x00000000da880000, 0x0000000100000000)
  eden space 33280K, 100% used [0x00000000d5d80000,0x00000000d7e00000,0x00000000d7e00000)
  from space 5120K, 99% used [0x00000000d7e00000,0x00000000d82fc030,0x00000000d8300000)
  to   space 5120K, 0% used [0x00000000da380000,0x00000000da380000,0x00000000da880000)
 ParOldGen       total 87552K, used 5563K [0x0000000081800000, 0x0000000086d80000, 0x00000000d5d80000)
  object space 87552K, 6% used [0x0000000081800000,0x0000000081d6ef28,0x0000000086d80000)
 Metaspace       used 15530K, capacity 15852K, committed 16128K, reserved 1062912K
  class space    used 1864K, capacity 1980K, committed 2048K, reserved 1048576K
Event: 8.527 GC heap after
Heap after GC invocations=4 (full 0):
 PSYoungGen      total 71680K, used 5088K [0x00000000d5d80000, 0x00000000da880000, 0x0000000100000000)
  eden space 66560K, 0% used [0x00000000d5d80000,0x00000000d5d80000,0x00000000d9e80000)
  from space 5120K, 99% used [0x00000000da380000,0x00000000da878020,0x00000000da880000)
  to   space 5120K, 0% used [0x00000000d9e80000,0x00000000d9e80000,0x00000000da380000)
 ParOldGen       total 87552K, used 10039K [0x0000000081800000, 0x0000000086d80000, 0x00000000d5d80000)
  object space 87552K, 11% used [0x0000000081800000,0x00000000821cdfb0,0x0000000086d80000)
 Metaspace       used 15530K, capacity 15852K, committed 16128K, reserved 1062912K
  class space    used 1864K, capacity 1980K, committed 2048K, reserved 1048576K
}
Event: 11.836 GC heap before
{Heap before GC invocations=5 (full 0):
 PSYoungGen      total 71680K, used 71648K [0x00000000d5d80000, 0x00000000da880000, 0x0000000100000000)
  eden space 66560K, 100% used [0x00000000d5d80000,0x00000000d9e80000,0x00000000d9e80000)
  from space 5120K, 99% used [0x00000000da380000,0x00000000da878020,0x00000000da880000)
  to   space 5120K, 0% used [0x00000000d9e80000,0x00000000d9e80000,0x00000000da380000)
 ParOldGen       total 87552K, used 10039K [0x0000000081800000, 0x0000000086d80000, 0x00000000d5d80000)
  object space 87552K, 11% used [0x0000000081800000,0x00000000821cdfb0,0x0000000086d80000)
 Metaspace       used 16047K, capacity 16400K, committed 16640K, reserved 1064960K
  class space    used 1869K, capacity 1986K, committed 2048K, reserved 1048576K
Event: 11.897 GC heap after
Heap after GC invocations=5 (full 0):
 PSYoungGen      total 71680K, used 5104K [0x00000000d5d80000, 0x00000000dfa80000, 0x0000000100000000)
  eden space 66560K, 0% used [0x00000000d5d80000,0x00000000d5d80000,0x00000000d9e80000)
  from space 5120K, 99% used [0x00000000d9e80000,0x00000000da37c030,0x00000000da380000)
  to   space 13824K, 0% used [0x00000000ded00000,0x00000000ded00000,0x00000000dfa80000)
 ParOldGen       total 87552K, used 18296K [0x0000000081800000, 0x0000000086d80000, 0x00000000d5d80000)
  object space 87552K, 20% used [0x0000000081800000,0x00000000829de128,0x0000000086d80000)
 Metaspace       used 16047K, capacity 16400K, committed 16640K, reserved 1064960K
  class space    used 1869K, capacity 1986K, committed 2048K, reserved 1048576K
}
Event: 14.972 GC heap before
{Heap before GC invocations=6 (full 0):
 PSYoungGen      total 71680K, used 71483K [0x00000000d5d80000, 0x00000000dfa80000, 0x0000000100000000)
  eden space 66560K, 99% used [0x00000000d5d80000,0x00000000d9e52f40,0x00000000d9e80000)
  from space 5120K, 99% used [0x00000000d9e80000,0x00000000da37c030,0x00000000da380000)
  to   space 13824K, 0% used [0x00000000ded00000,0x00000000ded00000,0x00000000dfa80000)
 ParOldGen       total 87552K, used 18296K [0x0000000081800000, 0x0000000086d80000, 0x00000000d5d80000)
  object space 87552K, 20% used [0x0000000081800000,0x00000000829de128,0x0000000086d80000)
 Metaspace       used 17506K, capacity 17960K, committed 18048K, reserved 1064960K
  class space    used 2004K, capacity 2122K, committed 2176K, reserved 1048576K
Event: 15.038 GC heap after
Heap after GC invocations=6 (full 0):
 PSYoungGen      total 146944K, used 9907K [0x00000000d5d80000, 0x00000000dfa80000, 0x0000000100000000)
  eden space 133120K, 0% used [0x00000000d5d80000,0x00000000d5d80000,0x00000000ddf80000)
  from space 13824K, 71% used [0x00000000ded00000,0x00000000df6acfa8,0x00000000dfa80000)
  to   space 13824K, 0% used [0x00000000ddf80000,0x00000000ddf80000,0x00000000ded00000)
 ParOldGen       total 87552K, used 25976K [0x0000000081800000, 0x0000000086d80000, 0x00000000d5d80000)
  object space 87552K, 29% used [0x0000000081800000,0x000000008315e138,0x0000000086d80000)
 Metaspace       used 17506K, capacity 17960K, committed 18048K, reserved 1064960K
  class space    used 2004K, capacity 2122K, committed 2176K, reserved 1048576K
}
Event: 16.402 GC heap before
{Heap before GC invocations=7 (full 0):
 PSYoungGen      total 146944K, used 69893K [0x00000000d5d80000, 0x00000000dfa80000, 0x0000000100000000)
  eden space 133120K, 45% used [0x00000000d5d80000,0x00000000d9814718,0x00000000ddf80000)
  from space 13824K, 71% used [0x00000000ded00000,0x00000000df6acfa8,0x00000000dfa80000)
  to   space 13824K, 0% used [0x00000000ddf80000,0x00000000ddf80000,0x00000000ded00000)
 ParOldGen       total 87552K, used 25976K [0x0000000081800000, 0x0000000086d80000, 0x00000000d5d80000)
  object space 87552K, 29% used [0x0000000081800000,0x000000008315e138,0x0000000086d80000)
 Metaspace       used 20772K, capacity 21256K, committed 21296K, reserved 1069056K
  class space    used 2446K, capacity 2586K, committed 2608K, reserved 1048576K
Event: 16.442 GC heap after
Heap after GC invocations=7 (full 0):
 PSYoungGen      total 146944K, used 9047K [0x00000000d5d80000, 0x00000000dfa80000, 0x0000000100000000)
  eden space 133120K, 0% used [0x00000000d5d80000,0x00000000d5d80000,0x00000000ddf80000)
  from space 13824K, 65% used [0x00000000ddf80000,0x00000000de855e88,0x00000000ded00000)
  to   space 13824K, 0% used [0x00000000ded00000,0x00000000ded00000,0x00000000dfa80000)
 ParOldGen       total 87552K, used 27419K [0x0000000081800000, 0x0000000086d80000, 0x00000000d5d80000)
  object space 87552K, 31% used [0x0000000081800000,0x00000000832c6c48,0x0000000086d80000)
 Metaspace       used 20772K, capacity 21256K, committed 21296K, reserved 1069056K
  class space    used 2446K, capacity 2586K, committed 2608K, reserved 1048576K
}
Event: 16.442 GC heap before
{Heap before GC invocations=8 (full 1):
 PSYoungGen      total 146944K, used 9047K [0x00000000d5d80000, 0x00000000dfa80000, 0x0000000100000000)
  eden space 133120K, 0% used [0x00000000d5d80000,0x00000000d5d80000,0x00000000ddf80000)
  from space 13824K, 65% used [0x00000000ddf80000,0x00000000de855e88,0x00000000ded00000)
  to   space 13824K, 0% used [0x00000000ded00000,0x00000000ded00000,0x00000000dfa80000)
 ParOldGen       total 87552K, used 27419K [0x0000000081800000, 0x0000000086d80000, 0x00000000d5d80000)
  object space 87552K, 31% used [0x0000000081800000,0x00000000832c6c48,0x0000000086d80000)
 Metaspace       used 20772K, capacity 21256K, committed 21296K, reserved 1069056K
  class space    used 2446K, capacity 2586K, committed 2608K, reserved 1048576K
Event: 16.705 GC heap after
Heap after GC invocations=8 (full 1):
 PSYoungGen      total 146944K, used 0K [0x00000000d5d80000, 0x00000000dfa80000, 0x0000000100000000)
  eden space 133120K, 0% used [0x00000000d5d80000,0x00000000d5d80000,0x00000000ddf80000)
  from space 13824K, 0% used [0x00000000ddf80000,0x00000000ddf80000,0x00000000ded00000)
  to   space 13824K, 0% used [0x00000000ded00000,0x00000000ded00000,0x00000000dfa80000)
 ParOldGen       total 79360K, used 22246K [0x0000000081800000, 0x0000000086580000, 0x00000000d5d80000)
  object space 79360K, 28% used [0x0000000081800000,0x0000000082db9b50,0x0000000086580000)
 Metaspace       used 20772K, capacity 21256K, committed 21296K, reserved 1069056K
  class space    used 2446K, capacity 2586K, committed 2608K, reserved 1048576K
}

