# JRE version: Java(TM) SE Runtime Environment (8.0_111-b14) (build 1.8.0_111-b14)
# Java VM: Java HotSpot(TM) 64-Bit Server VM (25.111-b14 mixed mode windows-amd64 compressed oops)
Heap:
 PSYoungGen      total 101376K, used 57828K [0x00000000d5d80000, 0x00000000dce00000, 0x0000000100000000)
  eden space 89600K, 56% used [0x00000000d5d80000,0x00000000d8ed2ff0,0x00000000db500000)
  from space 11776K, 62% used [0x00000000db500000,0x00000000dbc262c0,0x00000000dc080000)
  to   space 11776K, 0% used [0x00000000dc080000,0x00000000dc080000,0x00000000dcc00000)
 ParOldGen       total 75264K, used 14617K [0x0000000081800000, 0x0000000086180000, 0x00000000d5d80000)
  object space 75264K, 19% used [0x0000000081800000,0x00000000826466a0,0x0000000086180000)
 Metaspace       used 40671K, capacity 43616K, committed 43648K, reserved 1087488K
  class space    used 5713K, capacity 6249K, committed 6272K, reserved 1048576K
GC Heap History (10 events):
Event: 12.511 GC heap before
{Heap before GC invocations=9 (full 1):
 PSYoungGen      total 71680K, used 71648K [0x00000000d5d80000, 0x00000000da880000, 0x0000000100000000)
  eden space 66560K, 100% used [0x00000000d5d80000,0x00000000d9e80000,0x00000000d9e80000)
  from space 5120K, 99% used [0x00000000d9e80000,0x00000000da378020,0x00000000da380000)
  to   space 5120K, 0% used [0x00000000da380000,0x00000000da380000,0x00000000da880000)
 ParOldGen       total 49152K, used 10586K [0x0000000081800000, 0x0000000084800000, 0x00000000d5d80000)
  object space 49152K, 21% used [0x0000000081800000,0x00000000822568d8,0x0000000084800000)
 Metaspace       used 29319K, capacity 31368K, committed 31616K, reserved 1077248K
  class space    used 3974K, capacity 4404K, committed 4480K, reserved 1048576K
Event: 12.533 GC heap after
Heap after GC invocations=9 (full 1):
 PSYoungGen      total 65536K, used 5100K [0x00000000d5d80000, 0x00000000de800000, 0x0000000100000000)
  eden space 60416K, 0% used [0x00000000d5d80000,0x00000000d5d80000,0x00000000d9880000)
  from space 5120K, 99% used [0x00000000da380000,0x00000000da87b010,0x00000000da880000)
  to   space 11264K, 0% used [0x00000000d9880000,0x00000000d9880000,0x00000000da380000)
 ParOldGen       total 49152K, used 15951K [0x0000000081800000, 0x0000000084800000, 0x00000000d5d80000)
  object space 49152K, 32% used [0x0000000081800000,0x0000000082793da8,0x0000000084800000)
 Metaspace       used 29319K, capacity 31368K, committed 31616K, reserved 1077248K
  class space    used 3974K, capacity 4404K, committed 4480K, reserved 1048576K
}
Event: 13.395 GC heap before
{Heap before GC invocations=10 (full 1):
 PSYoungGen      total 65536K, used 65516K [0x00000000d5d80000, 0x00000000de800000, 0x0000000100000000)
  eden space 60416K, 100% used [0x00000000d5d80000,0x00000000d9880000,0x00000000d9880000)
  from space 5120K, 99% used [0x00000000da380000,0x00000000da87b010,0x00000000da880000)
  to   space 11264K, 0% used [0x00000000d9880000,0x00000000d9880000,0x00000000da380000)
 ParOldGen       total 49152K, used 15951K [0x0000000081800000, 0x0000000084800000, 0x00000000d5d80000)
  object space 49152K, 32% used [0x0000000081800000,0x0000000082793da8,0x0000000084800000)
 Metaspace       used 32003K, capacity 34254K, committed 34304K, reserved 1079296K
  class space    used 4396K, capacity 4849K, committed 4864K, reserved 1048576K
Event: 13.416 GC heap after
Heap after GC invocations=10 (full 1):
 PSYoungGen      total 71680K, used 9514K [0x00000000d5d80000, 0x00000000dcc00000, 0x0000000100000000)
  eden space 60416K, 0% used [0x00000000d5d80000,0x00000000d5d80000,0x00000000d9880000)
  from space 11264K, 84% used [0x00000000d9880000,0x00000000da1ca9d0,0x00000000da380000)
  to   space 11776K, 0% used [0x00000000dc080000,0x00000000dc080000,0x00000000dcc00000)
 ParOldGen       total 49152K, used 17691K [0x0000000081800000, 0x0000000084800000, 0x00000000d5d80000)
  object space 49152K, 35% used [0x0000000081800000,0x0000000082946db8,0x0000000084800000)
 Metaspace       used 32003K, capacity 34254K, committed 34304K, reserved 1079296K
  class space    used 4396K, capacity 4849K, committed 4864K, reserved 1048576K
}
Event: 13.691 GC heap before
{Heap before GC invocations=11 (full 1):
 PSYoungGen      total 71680K, used 20394K [0x00000000d5d80000, 0x00000000dcc00000, 0x0000000100000000)
  eden space 60416K, 18% used [0x00000000d5d80000,0x00000000d68200d0,0x00000000d9880000)
  from space 11264K, 84% used [0x00000000d9880000,0x00000000da1ca9d0,0x00000000da380000)
  to   space 11776K, 0% used [0x00000000dc080000,0x00000000dc080000,0x00000000dcc00000)
 ParOldGen       total 49152K, used 17691K [0x0000000081800000, 0x0000000084800000, 0x00000000d5d80000)
  object space 49152K, 35% used [0x0000000081800000,0x0000000082946db8,0x0000000084800000)
 Metaspace       used 33196K, capacity 35406K, committed 35456K, reserved 1079296K
  class space    used 4539K, capacity 4977K, committed 4992K, reserved 1048576K
Event: 13.705 GC heap after
Heap after GC invocations=11 (full 1):
 PSYoungGen      total 101376K, used 3047K [0x00000000d5d80000, 0x00000000dce00000, 0x0000000100000000)
  eden space 89600K, 0% used [0x00000000d5d80000,0x00000000d5d80000,0x00000000db500000)
  from space 11776K, 25% used [0x00000000dc080000,0x00000000dc379cf0,0x00000000dcc00000)
  to   space 11776K, 0% used [0x00000000db500000,0x00000000db500000,0x00000000dc080000)
 ParOldGen       total 49152K, used 21055K [0x0000000081800000, 0x0000000084800000, 0x00000000d5d80000)
  object space 49152K, 42% used [0x0000000081800000,0x0000000082c8fdd8,0x0000000084800000)
 Metaspace       used 33196K, capacity 35406K, committed 35456K, reserved 1079296K
  class space    used 4539K, capacity 4977K, committed 4992K, reserved 1048576K
}
Event: 13.705 GC heap before
{Heap before GC invocations=12 (full 2):
 PSYoungGen      total 101376K, used 3047K [0x00000000d5d80000, 0x00000000dce00000, 0x0000000100000000)
  eden space 89600K, 0% used [0x00000000d5d80000,0x00000000d5d80000,0x00000000db500000)
  from space 11776K, 25% used [0x00000000dc080000,0x00000000dc379cf0,0x00000000dcc00000)
  to   space 11776K, 0% used [0x00000000db500000,0x00000000db500000,0x00000000dc080000)
 ParOldGen       total 49152K, used 21055K [0x0000000081800000, 0x0000000084800000, 0x00000000d5d80000)
  object space 49152K, 42% used [0x0000000081800000,0x0000000082c8fdd8,0x0000000084800000)
 Metaspace       used 33196K, capacity 35406K, committed 35456K, reserved 1079296K
  class space    used 4539K, capacity 4977K, committed 4992K, reserved 1048576K
Event: 13.836 GC heap after
Heap after GC invocations=12 (full 2):
 PSYoungGen      total 101376K, used 0K [0x00000000d5d80000, 0x00000000dce00000, 0x0000000100000000)
  eden space 89600K, 0% used [0x00000000d5d80000,0x00000000d5d80000,0x00000000db500000)
  from space 11776K, 0% used [0x00000000dc080000,0x00000000dc080000,0x00000000dcc00000)
  to   space 11776K, 0% used [0x00000000db500000,0x00000000db500000,0x00000000dc080000)
 ParOldGen       total 75264K, used 14609K [0x0000000081800000, 0x0000000086180000, 0x00000000d5d80000)
  object space 75264K, 19% used [0x0000000081800000,0x00000000826446a0,0x0000000086180000)
 Metaspace       used 33196K, capacity 35406K, committed 35456K, reserved 1079296K
  class space    used 4539K, capacity 4977K, committed 4992K, reserved 1048576K
}
Event: 16.491 GC heap before
{Heap before GC invocations=13 (full 2):
 PSYoungGen      total 101376K, used 89600K [0x00000000d5d80000, 0x00000000dce00000, 0x0000000100000000)
  eden space 89600K, 100% used [0x00000000d5d80000,0x00000000db500000,0x00000000db500000)
  from space 11776K, 0% used [0x00000000dc080000,0x00000000dc080000,0x00000000dcc00000)
  to   space 11776K, 0% used [0x00000000db500000,0x00000000db500000,0x00000000dc080000)
 ParOldGen       total 75264K, used 14609K [0x0000000081800000, 0x0000000086180000, 0x00000000d5d80000)
  object space 75264K, 19% used [0x0000000081800000,0x00000000826446a0,0x0000000086180000)
 Metaspace       used 38064K, capacity 40660K, committed 40960K, reserved 1085440K
  class space    used 5310K, capacity 5810K, committed 5888K, reserved 1048576K
Event: 16.520 GC heap after
Heap after GC invocations=13 (full 2):
 PSYoungGen      total 101376K, used 7320K [0x00000000d5d80000, 0x00000000dce00000, 0x0000000100000000)
  eden space 89600K, 0% used [0x00000000d5d80000,0x00000000d5d80000,0x00000000db500000)
  from space 11776K, 62% used [0x00000000db500000,0x00000000dbc262c0,0x00000000dc080000)
  to   space 11776K, 0% used [0x00000000dc080000,0x00000000dc080000,0x00000000dcc00000)
 ParOldGen       total 75264K, used 14617K [0x0000000081800000, 0x0000000086180000, 0x00000000d5d80000)
  object space 75264K, 19% used [0x0000000081800000,0x00000000826466a0,0x0000000086180000)
 Metaspace       used 38064K, capacity 40660K, committed 40960K, reserved 1085440K
  class space    used 5310K, capacity 5810K, committed 5888K, reserved 1048576K
}

