# JRE version: Java(TM) SE Runtime Environment (8.0_111-b14) (build 1.8.0_111-b14)
# Java VM: Java HotSpot(TM) 64-Bit Server VM (25.111-b14 mixed mode windows-amd64 compressed oops)
Heap:
 PSYoungGen      total 268800K, used 199363K [0x00000000d5d80000, 0x00000000e7500000, 0x0000000100000000)
  eden space 260096K, 76% used [0x00000000d5d80000,0x00000000e2030c80,0x00000000e5b80000)
  from space 8704K, 0% used [0x00000000e6c80000,0x00000000e6c80000,0x00000000e7500000)
  to   space 11776K, 0% used [0x00000000e5e00000,0x00000000e5e00000,0x00000000e6980000)
 ParOldGen       total 71680K, used 19123K [0x0000000081800000, 0x0000000085e00000, 0x00000000d5d80000)
  object space 71680K, 26% used [0x0000000081800000,0x0000000082aacec0,0x0000000085e00000)
 Metaspace       used 48952K, capacity 51720K, committed 51840K, reserved 1093632K
  class space    used 6792K, capacity 7284K, committed 7296K, reserved 1048576K
GC Heap History (10 events):
Event: 8.723 GC heap before
{Heap before GC invocations=8 (full 1):
 PSYoungGen      total 144384K, used 4519K [0x00000000d5d80000, 0x00000000e7780000, 0x0000000100000000)
  eden space 133120K, 0% used [0x00000000d5d80000,0x00000000d5d80000,0x00000000ddf80000)
  from space 11264K, 40% used [0x00000000ddf80000,0x00000000de3e9ca8,0x00000000dea80000)
  to   space 11264K, 0% used [0x00000000e6c80000,0x00000000e6c80000,0x00000000e7780000)
 ParOldGen       total 87552K, used 10797K [0x0000000081800000, 0x0000000086d80000, 0x00000000d5d80000)
  object space 87552K, 12% used [0x0000000081800000,0x000000008228b538,0x0000000086d80000)
 Metaspace       used 20277K, capacity 21230K, committed 21296K, reserved 1067008K
  class space    used 2650K, capacity 2878K, committed 2944K, reserved 1048576K
Event: 8.788 GC heap after
Heap after GC invocations=8 (full 1):
 PSYoungGen      total 144384K, used 0K [0x00000000d5d80000, 0x00000000e7780000, 0x0000000100000000)
  eden space 133120K, 0% used [0x00000000d5d80000,0x00000000d5d80000,0x00000000ddf80000)
  from space 11264K, 0% used [0x00000000ddf80000,0x00000000ddf80000,0x00000000dea80000)
  to   space 11264K, 0% used [0x00000000e6c80000,0x00000000e6c80000,0x00000000e7780000)
 ParOldGen       total 45568K, used 6028K [0x0000000081800000, 0x0000000084480000, 0x00000000d5d80000)
  object space 45568K, 13% used [0x0000000081800000,0x0000000081de3360,0x0000000084480000)
 Metaspace       used 20277K, capacity 21230K, committed 21296K, reserved 1067008K
  class space    used 2650K, capacity 2878K, committed 2944K, reserved 1048576K
}
Event: 10.381 GC heap before
{Heap before GC invocations=9 (full 1):
 PSYoungGen      total 144384K, used 133120K [0x00000000d5d80000, 0x00000000e7780000, 0x0000000100000000)
  eden space 133120K, 100% used [0x00000000d5d80000,0x00000000ddf80000,0x00000000ddf80000)
  from space 11264K, 0% used [0x00000000ddf80000,0x00000000ddf80000,0x00000000dea80000)
  to   space 11264K, 0% used [0x00000000e6c80000,0x00000000e6c80000,0x00000000e7780000)
 ParOldGen       total 45568K, used 6028K [0x0000000081800000, 0x0000000084480000, 0x00000000d5d80000)
  object space 45568K, 13% used [0x0000000081800000,0x0000000081de3360,0x0000000084480000)
 Metaspace       used 23505K, capacity 24762K, committed 24960K, reserved 1071104K
  class space    used 3117K, capacity 3399K, committed 3456K, reserved 1048576K
Event: 10.396 GC heap after
Heap after GC invocations=9 (full 1):
 PSYoungGen      total 268800K, used 8621K [0x00000000d5d80000, 0x00000000e7500000, 0x0000000100000000)
  eden space 260096K, 0% used [0x00000000d5d80000,0x00000000d5d80000,0x00000000e5b80000)
  from space 8704K, 99% used [0x00000000e6c80000,0x00000000e74eb480,0x00000000e7500000)
  to   space 11776K, 0% used [0x00000000e5e00000,0x00000000e5e00000,0x00000000e6980000)
 ParOldGen       total 45568K, used 6036K [0x0000000081800000, 0x0000000084480000, 0x00000000d5d80000)
  object space 45568K, 13% used [0x0000000081800000,0x0000000081de5360,0x0000000084480000)
 Metaspace       used 23505K, capacity 24762K, committed 24960K, reserved 1071104K
  class space    used 3117K, capacity 3399K, committed 3456K, reserved 1048576K
}
Event: 13.550 GC heap before
{Heap before GC invocations=10 (full 1):
 PSYoungGen      total 268800K, used 268717K [0x00000000d5d80000, 0x00000000e7500000, 0x0000000100000000)
  eden space 260096K, 100% used [0x00000000d5d80000,0x00000000e5b80000,0x00000000e5b80000)
  from space 8704K, 99% used [0x00000000e6c80000,0x00000000e74eb480,0x00000000e7500000)
  to   space 11776K, 0% used [0x00000000e5e00000,0x00000000e5e00000,0x00000000e6980000)
 ParOldGen       total 45568K, used 6036K [0x0000000081800000, 0x0000000084480000, 0x00000000d5d80000)
  object space 45568K, 13% used [0x0000000081800000,0x0000000081de5360,0x0000000084480000)
 Metaspace       used 32627K, capacity 34850K, committed 35072K, reserved 1079296K
  class space    used 4402K, capacity 4832K, committed 4864K, reserved 1048576K
Event: 13.588 GC heap after
Heap after GC invocations=10 (full 1):
 PSYoungGen      total 271872K, used 11759K [0x00000000d5d80000, 0x00000000e7500000, 0x0000000100000000)
  eden space 260096K, 0% used [0x00000000d5d80000,0x00000000d5d80000,0x00000000e5b80000)
  from space 11776K, 99% used [0x00000000e5e00000,0x00000000e697bcb0,0x00000000e6980000)
  to   space 8704K, 0% used [0x00000000e6c80000,0x00000000e6c80000,0x00000000e7500000)
 ParOldGen       total 45568K, used 14178K [0x0000000081800000, 0x0000000084480000, 0x00000000d5d80000)
  object space 45568K, 31% used [0x0000000081800000,0x00000000825d8b90,0x0000000084480000)
 Metaspace       used 32627K, capacity 34850K, committed 35072K, reserved 1079296K
  class space    used 4402K, capacity 4832K, committed 4864K, reserved 1048576K
}
Event: 14.511 GC heap before
{Heap before GC invocations=11 (full 1):
 PSYoungGen      total 271872K, used 88254K [0x00000000d5d80000, 0x00000000e7500000, 0x0000000100000000)
  eden space 260096K, 29% used [0x00000000d5d80000,0x00000000da833dd0,0x00000000e5b80000)
  from space 11776K, 99% used [0x00000000e5e00000,0x00000000e697bcb0,0x00000000e6980000)
  to   space 8704K, 0% used [0x00000000e6c80000,0x00000000e6c80000,0x00000000e7500000)
 ParOldGen       total 45568K, used 14178K [0x0000000081800000, 0x0000000084480000, 0x00000000d5d80000)
  object space 45568K, 31% used [0x0000000081800000,0x00000000825d8b90,0x0000000084480000)
 Metaspace       used 33031K, capacity 35338K, committed 35456K, reserved 1079296K
  class space    used 4466K, capacity 4916K, committed 4992K, reserved 1048576K
Event: 14.572 GC heap after
Heap after GC invocations=11 (full 1):
 PSYoungGen      total 268800K, used 8674K [0x00000000d5d80000, 0x00000000e7500000, 0x0000000100000000)
  eden space 260096K, 0% used [0x00000000d5d80000,0x00000000d5d80000,0x00000000e5b80000)
  from space 8704K, 99% used [0x00000000e6c80000,0x00000000e74f8b58,0x00000000e7500000)
  to   space 11776K, 0% used [0x00000000e5e00000,0x00000000e5e00000,0x00000000e6980000)
 ParOldGen       total 45568K, used 18029K [0x0000000081800000, 0x0000000084480000, 0x00000000d5d80000)
  object space 45568K, 39% used [0x0000000081800000,0x000000008299b708,0x0000000084480000)
 Metaspace       used 33031K, capacity 35338K, committed 35456K, reserved 1079296K
  class space    used 4466K, capacity 4916K, committed 4992K, reserved 1048576K
}
Event: 14.572 GC heap before
{Heap before GC invocations=12 (full 2):
 PSYoungGen      total 268800K, used 8674K [0x00000000d5d80000, 0x00000000e7500000, 0x0000000100000000)
  eden space 260096K, 0% used [0x00000000d5d80000,0x00000000d5d80000,0x00000000e5b80000)
  from space 8704K, 99% used [0x00000000e6c80000,0x00000000e74f8b58,0x00000000e7500000)
  to   space 11776K, 0% used [0x00000000e5e00000,0x00000000e5e00000,0x00000000e6980000)
 ParOldGen       total 45568K, used 18029K [0x0000000081800000, 0x0000000084480000, 0x00000000d5d80000)
  object space 45568K, 39% used [0x0000000081800000,0x000000008299b708,0x0000000084480000)
 Metaspace       used 33031K, capacity 35338K, committed 35456K, reserved 1079296K
  class space    used 4466K, capacity 4916K, committed 4992K, reserved 1048576K
Event: 15.015 GC heap after
Heap after GC invocations=12 (full 2):
 PSYoungGen      total 268800K, used 0K [0x00000000d5d80000, 0x00000000e7500000, 0x0000000100000000)
  eden space 260096K, 0% used [0x00000000d5d80000,0x00000000d5d80000,0x00000000e5b80000)
  from space 8704K, 0% used [0x00000000e6c80000,0x00000000e6c80000,0x00000000e7500000)
  to   space 11776K, 0% used [0x00000000e5e00000,0x00000000e5e00000,0x00000000e6980000)
 ParOldGen       total 71680K, used 19123K [0x0000000081800000, 0x0000000085e00000, 0x00000000d5d80000)
  object space 71680K, 26% used [0x0000000081800000,0x0000000082aacec0,0x0000000085e00000)
 Metaspace       used 33031K, capacity 35338K, committed 35456K, reserved 1079296K
  class space    used 4466K, capacity 4916K, committed 4992K, reserved 1048576K
}

