# JRE version: Java(TM) SE Runtime Environment (8.0_111-b14) (build 1.8.0_111-b14)
# Java VM: Java HotSpot(TM) 64-Bit Server VM (25.111-b14 mixed mode windows-amd64 compressed oops)
Heap:
 PSYoungGen      total 146944K, used 34604K [0x00000000d5d80000, 0x00000000e7e80000, 0x0000000100000000)
  eden space 133120K, 16% used [0x00000000d5d80000,0x00000000d7365060,0x00000000ddf80000)
  from space 13824K, 88% used [0x00000000ddf80000,0x00000000deb66060,0x00000000ded00000)
  to   space 14848K, 0% used [0x00000000e7000000,0x00000000e7000000,0x00000000e7e80000)
 ParOldGen       total 87552K, used 19582K [0x0000000081800000, 0x0000000086d80000, 0x00000000d5d80000)
  object space 87552K, 22% used [0x0000000081800000,0x0000000082b1f9c8,0x0000000086d80000)
 Metaspace       used 20154K, capacity 20822K, committed 20992K, reserved 1067008K
  class space    used 2284K, capacity 2486K, committed 2560K, reserved 1048576K
GC Heap History (10 events):
Event: 3.217 GC heap before
{Heap before GC invocations=3 (full 0):
 PSYoungGen      total 38400K, used 38373K [0x00000000d5d80000, 0x00000000da880000, 0x0000000100000000)
  eden space 33280K, 100% used [0x00000000d5d80000,0x00000000d7e00000,0x00000000d7e00000)
  from space 5120K, 99% used [0x00000000d8300000,0x00000000d87f95d8,0x00000000d8800000)
  to   space 5120K, 0% used [0x00000000d7e00000,0x00000000d7e00000,0x00000000d8300000)
 ParOldGen       total 87552K, used 2754K [0x0000000081800000, 0x0000000086d80000, 0x00000000d5d80000)
  object space 87552K, 3% used [0x0000000081800000,0x0000000081ab0b90,0x0000000086d80000)
 Metaspace       used 14948K, capacity 15252K, committed 15488K, reserved 1062912K
  class space    used 1818K, capacity 1912K, committed 1920K, reserved 1048576K
Event: 3.238 GC heap after
Heap after GC invocations=3 (full 0):
 PSYoungGen      total 38400K, used 5104K [0x00000000d5d80000, 0x00000000da880000, 0x0000000100000000)
  eden space 33280K, 0% used [0x00000000d5d80000,0x00000000d5d80000,0x00000000d7e00000)
  from space 5120K, 99% used [0x00000000d7e00000,0x00000000d82fc030,0x00000000d8300000)
  to   space 5120K, 0% used [0x00000000da380000,0x00000000da380000,0x00000000da880000)
 ParOldGen       total 87552K, used 5625K [0x0000000081800000, 0x0000000086d80000, 0x00000000d5d80000)
  object space 87552K, 6% used [0x0000000081800000,0x0000000081d7e400,0x0000000086d80000)
 Metaspace       used 14948K, capacity 15252K, committed 15488K, reserved 1062912K
  class space    used 1818K, capacity 1912K, committed 1920K, reserved 1048576K
}
Event: 3.802 GC heap before
{Heap before GC invocations=4 (full 0):
 PSYoungGen      total 38400K, used 38384K [0x00000000d5d80000, 0x00000000da880000, 0x0000000100000000)
  eden space 33280K, 100% used [0x00000000d5d80000,0x00000000d7e00000,0x00000000d7e00000)
  from space 5120K, 99% used [0x00000000d7e00000,0x00000000d82fc030,0x00000000d8300000)
  to   space 5120K, 0% used [0x00000000da380000,0x00000000da380000,0x00000000da880000)
 ParOldGen       total 87552K, used 5625K [0x0000000081800000, 0x0000000086d80000, 0x00000000d5d80000)
  object space 87552K, 6% used [0x0000000081800000,0x0000000081d7e400,0x0000000086d80000)
 Metaspace       used 15515K, capacity 15852K, committed 16128K, reserved 1062912K
  class space    used 1861K, capacity 1980K, committed 2048K, reserved 1048576K
Event: 3.829 GC heap after
Heap after GC invocations=4 (full 0):
 PSYoungGen      total 71680K, used 5088K [0x00000000d5d80000, 0x00000000da880000, 0x0000000100000000)
  eden space 66560K, 0% used [0x00000000d5d80000,0x00000000d5d80000,0x00000000d9e80000)
  from space 5120K, 99% used [0x00000000da380000,0x00000000da878040,0x00000000da880000)
  to   space 5120K, 0% used [0x00000000d9e80000,0x00000000d9e80000,0x00000000da380000)
 ParOldGen       total 87552K, used 10085K [0x0000000081800000, 0x0000000086d80000, 0x00000000d5d80000)
  object space 87552K, 11% used [0x0000000081800000,0x00000000821d9630,0x0000000086d80000)
 Metaspace       used 15515K, capacity 15852K, committed 16128K, reserved 1062912K
  class space    used 1861K, capacity 1980K, committed 2048K, reserved 1048576K
}
Event: 5.078 GC heap before
{Heap before GC invocations=5 (full 0):
 PSYoungGen      total 71680K, used 71648K [0x00000000d5d80000, 0x00000000da880000, 0x0000000100000000)
  eden space 66560K, 100% used [0x00000000d5d80000,0x00000000d9e80000,0x00000000d9e80000)
  from space 5120K, 99% used [0x00000000da380000,0x00000000da878040,0x00000000da880000)
  to   space 5120K, 0% used [0x00000000d9e80000,0x00000000d9e80000,0x00000000da380000)
 ParOldGen       total 87552K, used 10085K [0x0000000081800000, 0x0000000086d80000, 0x00000000d5d80000)
  object space 87552K, 11% used [0x0000000081800000,0x00000000821d9630,0x0000000086d80000)
 Metaspace       used 16053K, capacity 16400K, committed 16640K, reserved 1064960K
  class space    used 1866K, capacity 1986K, committed 2048K, reserved 1048576K
Event: 5.183 GC heap after
Heap after GC invocations=5 (full 0):
 PSYoungGen      total 71680K, used 5104K [0x00000000d5d80000, 0x00000000dfa80000, 0x0000000100000000)
  eden space 66560K, 0% used [0x00000000d5d80000,0x00000000d5d80000,0x00000000d9e80000)
  from space 5120K, 99% used [0x00000000d9e80000,0x00000000da37c050,0x00000000da380000)
  to   space 13824K, 0% used [0x00000000ded00000,0x00000000ded00000,0x00000000dfa80000)
 ParOldGen       total 87552K, used 18227K [0x0000000081800000, 0x0000000086d80000, 0x00000000d5d80000)
  object space 87552K, 20% used [0x0000000081800000,0x00000000829cce48,0x0000000086d80000)
 Metaspace       used 16053K, capacity 16400K, committed 16640K, reserved 1064960K
  class space    used 1866K, capacity 1986K, committed 2048K, reserved 1048576K
}
Event: 7.275 GC heap before
{Heap before GC invocations=6 (full 0):
 PSYoungGen      total 71680K, used 66154K [0x00000000d5d80000, 0x00000000dfa80000, 0x0000000100000000)
  eden space 66560K, 91% used [0x00000000d5d80000,0x00000000d991e828,0x00000000d9e80000)
  from space 5120K, 99% used [0x00000000d9e80000,0x00000000da37c050,0x00000000da380000)
  to   space 13824K, 0% used [0x00000000ded00000,0x00000000ded00000,0x00000000dfa80000)
 ParOldGen       total 87552K, used 18227K [0x0000000081800000, 0x0000000086d80000, 0x00000000d5d80000)
  object space 87552K, 20% used [0x0000000081800000,0x00000000829cce48,0x0000000086d80000)
 Metaspace       used 17579K, capacity 17960K, committed 18048K, reserved 1064960K
  class space    used 2000K, capacity 2122K, committed 2176K, reserved 1048576K
Event: 7.334 GC heap after
Heap after GC invocations=6 (full 0):
 PSYoungGen      total 146944K, used 9907K [0x00000000d5d80000, 0x00000000dfa80000, 0x0000000100000000)
  eden space 133120K, 0% used [0x00000000d5d80000,0x00000000d5d80000,0x00000000ddf80000)
  from space 13824K, 71% used [0x00000000ded00000,0x00000000df6acfa8,0x00000000dfa80000)
  to   space 13824K, 0% used [0x00000000ddf80000,0x00000000ddf80000,0x00000000ded00000)
 ParOldGen       total 87552K, used 18235K [0x0000000081800000, 0x0000000086d80000, 0x00000000d5d80000)
  object space 87552K, 20% used [0x0000000081800000,0x00000000829cee48,0x0000000086d80000)
 Metaspace       used 17579K, capacity 17960K, committed 18048K, reserved 1064960K
  class space    used 2000K, capacity 2122K, committed 2176K, reserved 1048576K
}
Event: 9.486 GC heap before
{Heap before GC invocations=7 (full 0):
 PSYoungGen      total 146944K, used 143024K [0x00000000d5d80000, 0x00000000dfa80000, 0x0000000100000000)
  eden space 133120K, 99% used [0x00000000d5d80000,0x00000000ddf7f300,0x00000000ddf80000)
  from space 13824K, 71% used [0x00000000ded00000,0x00000000df6acfa8,0x00000000dfa80000)
  to   space 13824K, 0% used [0x00000000ddf80000,0x00000000ddf80000,0x00000000ded00000)
 ParOldGen       total 87552K, used 18235K [0x0000000081800000, 0x0000000086d80000, 0x00000000d5d80000)
  object space 87552K, 20% used [0x0000000081800000,0x00000000829cee48,0x0000000086d80000)
 Metaspace       used 20138K, capacity 20822K, committed 20992K, reserved 1067008K
  class space    used 2284K, capacity 2486K, committed 2560K, reserved 1048576K
Event: 9.535 GC heap after
Heap after GC invocations=7 (full 0):
 PSYoungGen      total 146944K, used 12184K [0x00000000d5d80000, 0x00000000e7e80000, 0x0000000100000000)
  eden space 133120K, 0% used [0x00000000d5d80000,0x00000000d5d80000,0x00000000ddf80000)
  from space 13824K, 88% used [0x00000000ddf80000,0x00000000deb66060,0x00000000ded00000)
  to   space 14848K, 0% used [0x00000000e7000000,0x00000000e7000000,0x00000000e7e80000)
 ParOldGen       total 87552K, used 19582K [0x0000000081800000, 0x0000000086d80000, 0x00000000d5d80000)
  object space 87552K, 22% used [0x0000000081800000,0x0000000082b1f9c8,0x0000000086d80000)
 Metaspace       used 20138K, capacity 20822K, committed 20992K, reserved 1067008K
  class space    used 2284K, capacity 2486K, committed 2560K, reserved 1048576K
}

