# JRE version: Java(TM) SE Runtime Environment (8.0_111-b14) (build 1.8.0_111-b14)
# Java VM: Java HotSpot(TM) 64-Bit Server VM (25.111-b14 mixed mode windows-amd64 compressed oops)
Heap:
 PSYoungGen      total 323584K, used 126414K [0x00000000d5d80000, 0x00000000ecd00000, 0x0000000100000000)
  eden space 304640K, 41% used [0x00000000d5d80000,0x00000000dd8f3ac8,0x00000000e8700000)
  from space 18944K, 0% used [0x00000000ea800000,0x00000000ea800000,0x00000000eba80000)
  to   space 13312K, 0% used [0x00000000ec000000,0x00000000ec000000,0x00000000ecd00000)
 ParOldGen       total 123904K, used 21311K [0x0000000081800000, 0x0000000089100000, 0x00000000d5d80000)
  object space 123904K, 17% used [0x0000000081800000,0x0000000082ccffd0,0x0000000089100000)
 Metaspace       used 60525K, capacity 64296K, committed 64432K, reserved 1103872K
  class space    used 8451K, capacity 9119K, committed 9136K, reserved 1048576K
GC Heap History (10 events):
Event: 19.610 GC heap before
{Heap before GC invocations=8 (full 1):
 PSYoungGen      total 228864K, used 63928K [0x00000000d5d80000, 0x00000000e4c80000, 0x0000000100000000)
  eden space 217600K, 24% used [0x00000000d5d80000,0x00000000d90f4890,0x00000000e3200000)
  from space 11264K, 99% used [0x00000000e4180000,0x00000000e4c798a0,0x00000000e4c80000)
  to   space 13312K, 0% used [0x00000000e3280000,0x00000000e3280000,0x00000000e3f80000)
 ParOldGen       total 56832K, used 12677K [0x0000000081800000, 0x0000000084f80000, 0x00000000d5d80000)
  object space 56832K, 22% used [0x0000000081800000,0x00000000824614f8,0x0000000084f80000)
 Metaspace       used 33070K, capacity 35418K, committed 35496K, reserved 1079296K
  class space    used 4437K, capacity 4883K, committed 4912K, reserved 1048576K
Event: 19.639 GC heap after
Heap after GC invocations=8 (full 1):
 PSYoungGen      total 231424K, used 8642K [0x00000000d5d80000, 0x00000000ecd00000, 0x0000000100000000)
  eden space 218112K, 0% used [0x00000000d5d80000,0x00000000d5d80000,0x00000000e3280000)
  from space 13312K, 64% used [0x00000000e3280000,0x00000000e3af0b10,0x00000000e3f80000)
  to   space 13312K, 0% used [0x00000000ec000000,0x00000000ec000000,0x00000000ecd00000)
 ParOldGen       total 56832K, used 12677K [0x0000000081800000, 0x0000000084f80000, 0x00000000d5d80000)
  object space 56832K, 22% used [0x0000000081800000,0x00000000824614f8,0x0000000084f80000)
 Metaspace       used 33070K, capacity 35418K, committed 35496K, reserved 1079296K
  class space    used 4437K, capacity 4883K, committed 4912K, reserved 1048576K
}
Event: 19.639 GC heap before
{Heap before GC invocations=9 (full 2):
 PSYoungGen      total 231424K, used 8642K [0x00000000d5d80000, 0x00000000ecd00000, 0x0000000100000000)
  eden space 218112K, 0% used [0x00000000d5d80000,0x00000000d5d80000,0x00000000e3280000)
  from space 13312K, 64% used [0x00000000e3280000,0x00000000e3af0b10,0x00000000e3f80000)
  to   space 13312K, 0% used [0x00000000ec000000,0x00000000ec000000,0x00000000ecd00000)
 ParOldGen       total 56832K, used 12677K [0x0000000081800000, 0x0000000084f80000, 0x00000000d5d80000)
  object space 56832K, 22% used [0x0000000081800000,0x00000000824614f8,0x0000000084f80000)
 Metaspace       used 33070K, capacity 35418K, committed 35496K, reserved 1079296K
  class space    used 4437K, capacity 4883K, committed 4912K, reserved 1048576K
Event: 19.850 GC heap after
Heap after GC invocations=9 (full 2):
 PSYoungGen      total 231424K, used 0K [0x00000000d5d80000, 0x00000000ecd00000, 0x0000000100000000)
  eden space 218112K, 0% used [0x00000000d5d80000,0x00000000d5d80000,0x00000000e3280000)
  from space 13312K, 0% used [0x00000000e3280000,0x00000000e3280000,0x00000000e3f80000)
  to   space 13312K, 0% used [0x00000000ec000000,0x00000000ec000000,0x00000000ecd00000)
 ParOldGen       total 89088K, used 13291K [0x0000000081800000, 0x0000000086f00000, 0x00000000d5d80000)
  object space 89088K, 14% used [0x0000000081800000,0x00000000824fad00,0x0000000086f00000)
 Metaspace       used 33070K, capacity 35418K, committed 35496K, reserved 1079296K
  class space    used 4437K, capacity 4883K, committed 4912K, reserved 1048576K
}
Event: 28.962 GC heap before
{Heap before GC invocations=10 (full 2):
 PSYoungGen      total 231424K, used 218112K [0x00000000d5d80000, 0x00000000ecd00000, 0x0000000100000000)
  eden space 218112K, 100% used [0x00000000d5d80000,0x00000000e3280000,0x00000000e3280000)
  from space 13312K, 0% used [0x00000000e3280000,0x00000000e3280000,0x00000000e3f80000)
  to   space 13312K, 0% used [0x00000000ec000000,0x00000000ec000000,0x00000000ecd00000)
 ParOldGen       total 89088K, used 13291K [0x0000000081800000, 0x0000000086f00000, 0x00000000d5d80000)
  object space 89088K, 14% used [0x0000000081800000,0x00000000824fad00,0x0000000086f00000)
 Metaspace       used 54248K, capacity 57162K, committed 57264K, reserved 1097728K
  class space    used 7546K, capacity 8102K, committed 8112K, reserved 1048576K
Event: 29.011 GC heap after
Heap after GC invocations=10 (full 2):
 PSYoungGen      total 317952K, used 13292K [0x00000000d5d80000, 0x00000000ecd00000, 0x0000000100000000)
  eden space 304640K, 0% used [0x00000000d5d80000,0x00000000d5d80000,0x00000000e8700000)
  from space 13312K, 99% used [0x00000000ec000000,0x00000000eccfb348,0x00000000ecd00000)
  to   space 18944K, 0% used [0x00000000ea800000,0x00000000ea800000,0x00000000eba80000)
 ParOldGen       total 89088K, used 22718K [0x0000000081800000, 0x0000000086f00000, 0x00000000d5d80000)
  object space 89088K, 25% used [0x0000000081800000,0x0000000082e2fa90,0x0000000086f00000)
 Metaspace       used 54248K, capacity 57162K, committed 57264K, reserved 1097728K
  class space    used 7546K, capacity 8102K, committed 8112K, reserved 1048576K
}
Event: 29.599 GC heap before
{Heap before GC invocations=11 (full 2):
 PSYoungGen      total 317952K, used 52119K [0x00000000d5d80000, 0x00000000ecd00000, 0x0000000100000000)
  eden space 304640K, 12% used [0x00000000d5d80000,0x00000000d836a9f8,0x00000000e8700000)
  from space 13312K, 99% used [0x00000000ec000000,0x00000000eccfb348,0x00000000ecd00000)
  to   space 18944K, 0% used [0x00000000ea800000,0x00000000ea800000,0x00000000eba80000)
 ParOldGen       total 89088K, used 22718K [0x0000000081800000, 0x0000000086f00000, 0x00000000d5d80000)
  object space 89088K, 25% used [0x0000000081800000,0x0000000082e2fa90,0x0000000086f00000)
 Metaspace       used 56118K, capacity 59080K, committed 59160K, reserved 1099776K
  class space    used 7761K, capacity 8325K, committed 8368K, reserved 1048576K
Event: 29.617 GC heap after
Heap after GC invocations=11 (full 2):
 PSYoungGen      total 323584K, used 10154K [0x00000000d5d80000, 0x00000000ecd00000, 0x0000000100000000)
  eden space 304640K, 0% used [0x00000000d5d80000,0x00000000d5d80000,0x00000000e8700000)
  from space 18944K, 53% used [0x00000000ea800000,0x00000000eb1ea860,0x00000000eba80000)
  to   space 13312K, 0% used [0x00000000ec000000,0x00000000ec000000,0x00000000ecd00000)
 ParOldGen       total 89088K, used 22726K [0x0000000081800000, 0x0000000086f00000, 0x00000000d5d80000)
  object space 89088K, 25% used [0x0000000081800000,0x0000000082e31a90,0x0000000086f00000)
 Metaspace       used 56118K, capacity 59080K, committed 59160K, reserved 1099776K
  class space    used 7761K, capacity 8325K, committed 8368K, reserved 1048576K
}
Event: 29.617 GC heap before
{Heap before GC invocations=12 (full 3):
 PSYoungGen      total 323584K, used 10154K [0x00000000d5d80000, 0x00000000ecd00000, 0x0000000100000000)
  eden space 304640K, 0% used [0x00000000d5d80000,0x00000000d5d80000,0x00000000e8700000)
  from space 18944K, 53% used [0x00000000ea800000,0x00000000eb1ea860,0x00000000eba80000)
  to   space 13312K, 0% used [0x00000000ec000000,0x00000000ec000000,0x00000000ecd00000)
 ParOldGen       total 89088K, used 22726K [0x0000000081800000, 0x0000000086f00000, 0x00000000d5d80000)
  object space 89088K, 25% used [0x0000000081800000,0x0000000082e31a90,0x0000000086f00000)
 Metaspace       used 56118K, capacity 59080K, committed 59160K, reserved 1099776K
  class space    used 7761K, capacity 8325K, committed 8368K, reserved 1048576K
Event: 29.882 GC heap after
Heap after GC invocations=12 (full 3):
 PSYoungGen      total 323584K, used 0K [0x00000000d5d80000, 0x00000000ecd00000, 0x0000000100000000)
  eden space 304640K, 0% used [0x00000000d5d80000,0x00000000d5d80000,0x00000000e8700000)
  from space 18944K, 0% used [0x00000000ea800000,0x00000000ea800000,0x00000000eba80000)
  to   space 13312K, 0% used [0x00000000ec000000,0x00000000ec000000,0x00000000ecd00000)
 ParOldGen       total 123904K, used 21311K [0x0000000081800000, 0x0000000089100000, 0x00000000d5d80000)
  object space 123904K, 17% used [0x0000000081800000,0x0000000082ccffd0,0x0000000089100000)
 Metaspace       used 56118K, capacity 59080K, committed 59160K, reserved 1099776K
  class space    used 7761K, capacity 8325K, committed 8368K, reserved 1048576K
}

