# JRE version: Java(TM) SE Runtime Environment (8.0_111-b14) (build 1.8.0_111-b14)
# Java VM: Java HotSpot(TM) 64-Bit Server VM (25.111-b14 mixed mode windows-amd64 compressed oops)
Heap:
 PSYoungGen      total 101888K, used 19633K [0x00000000d5d80000, 0x00000000dc980000, 0x0000000100000000)
  eden space 94208K, 20% used [0x00000000d5d80000,0x00000000d70ac6d8,0x00000000db980000)
  from space 7680K, 0% used [0x00000000db980000,0x00000000db980000,0x00000000dc100000)
  to   space 7680K, 0% used [0x00000000dc100000,0x00000000dc100000,0x00000000dc880000)
 ParOldGen       total 69120K, used 11991K [0x0000000081800000, 0x0000000085b80000, 0x00000000d5d80000)
  object space 69120K, 17% used [0x0000000081800000,0x00000000823b5dc0,0x0000000085b80000)
 Metaspace       used 34601K, capacity 37006K, committed 37120K, reserved 1081344K
  class space    used 4646K, capacity 5083K, committed 5120K, reserved 1048576K
GC Heap History (10 events):
Event: 19.421 GC heap before
{Heap before GC invocations=11 (full 1):
 PSYoungGen      total 57856K, used 53965K [0x00000000d5d80000, 0x00000000db080000, 0x0000000100000000)
  eden space 50176K, 100% used [0x00000000d5d80000,0x00000000d8e80000,0x00000000d8e80000)
  from space 7680K, 49% used [0x00000000d8e80000,0x00000000d9233508,0x00000000d9600000)
  to   space 7680K, 0% used [0x00000000da900000,0x00000000da900000,0x00000000db080000)
 ParOldGen       total 54272K, used 6344K [0x0000000081800000, 0x0000000084d00000, 0x00000000d5d80000)
  object space 54272K, 11% used [0x0000000081800000,0x0000000081e32168,0x0000000084d00000)
 Metaspace       used 26184K, capacity 28046K, committed 28160K, reserved 1073152K
  class space    used 3372K, capacity 3751K, committed 3840K, reserved 1048576K
Event: 19.448 GC heap after
Heap after GC invocations=11 (full 1):
 PSYoungGen      total 76288K, used 4224K [0x00000000d5d80000, 0x00000000db000000, 0x0000000100000000)
  eden space 69120K, 0% used [0x00000000d5d80000,0x00000000d5d80000,0x00000000da100000)
  from space 7168K, 58% used [0x00000000da900000,0x00000000dad20190,0x00000000db000000)
  to   space 7680K, 0% used [0x00000000da100000,0x00000000da100000,0x00000000da880000)
 ParOldGen       total 54272K, used 7688K [0x0000000081800000, 0x0000000084d00000, 0x00000000d5d80000)
  object space 54272K, 14% used [0x0000000081800000,0x0000000081f82198,0x0000000084d00000)
 Metaspace       used 26184K, capacity 28046K, committed 28160K, reserved 1073152K
  class space    used 3372K, capacity 3751K, committed 3840K, reserved 1048576K
}
Event: 22.213 GC heap before
{Heap before GC invocations=12 (full 1):
 PSYoungGen      total 76288K, used 73344K [0x00000000d5d80000, 0x00000000db000000, 0x0000000100000000)
  eden space 69120K, 100% used [0x00000000d5d80000,0x00000000da100000,0x00000000da100000)
  from space 7168K, 58% used [0x00000000da900000,0x00000000dad20190,0x00000000db000000)
  to   space 7680K, 0% used [0x00000000da100000,0x00000000da100000,0x00000000da880000)
 ParOldGen       total 54272K, used 7688K [0x0000000081800000, 0x0000000084d00000, 0x00000000d5d80000)
  object space 54272K, 14% used [0x0000000081800000,0x0000000081f82198,0x0000000084d00000)
 Metaspace       used 29253K, capacity 31376K, committed 31488K, reserved 1077248K
  class space    used 3870K, capacity 4280K, committed 4352K, reserved 1048576K
Event: 22.248 GC heap after
Heap after GC invocations=12 (full 1):
 PSYoungGen      total 76800K, used 5363K [0x00000000d5d80000, 0x00000000dc880000, 0x0000000100000000)
  eden space 69120K, 0% used [0x00000000d5d80000,0x00000000d5d80000,0x00000000da100000)
  from space 7680K, 69% used [0x00000000da100000,0x00000000da63cd30,0x00000000da880000)
  to   space 7680K, 0% used [0x00000000dc100000,0x00000000dc100000,0x00000000dc880000)
 ParOldGen       total 54272K, used 10228K [0x0000000081800000, 0x0000000084d00000, 0x00000000d5d80000)
  object space 54272K, 18% used [0x0000000081800000,0x00000000821fd1c8,0x0000000084d00000)
 Metaspace       used 29253K, capacity 31376K, committed 31488K, reserved 1077248K
  class space    used 3870K, capacity 4280K, committed 4352K, reserved 1048576K
}
Event: 25.028 GC heap before
{Heap before GC invocations=13 (full 1):
 PSYoungGen      total 76800K, used 74483K [0x00000000d5d80000, 0x00000000dc880000, 0x0000000100000000)
  eden space 69120K, 100% used [0x00000000d5d80000,0x00000000da100000,0x00000000da100000)
  from space 7680K, 69% used [0x00000000da100000,0x00000000da63cd30,0x00000000da880000)
  to   space 7680K, 0% used [0x00000000dc100000,0x00000000dc100000,0x00000000dc880000)
 ParOldGen       total 54272K, used 10228K [0x0000000081800000, 0x0000000084d00000, 0x00000000d5d80000)
  object space 54272K, 18% used [0x0000000081800000,0x00000000821fd1c8,0x0000000084d00000)
 Metaspace       used 32669K, capacity 34968K, committed 35072K, reserved 1079296K
  class space    used 4372K, capacity 4804K, committed 4864K, reserved 1048576K
Event: 25.090 GC heap after
Heap after GC invocations=13 (full 1):
 PSYoungGen      total 101888K, used 5378K [0x00000000d5d80000, 0x00000000dc980000, 0x0000000100000000)
  eden space 94208K, 0% used [0x00000000d5d80000,0x00000000d5d80000,0x00000000db980000)
  from space 7680K, 70% used [0x00000000dc100000,0x00000000dc640920,0x00000000dc880000)
  to   space 7680K, 0% used [0x00000000db980000,0x00000000db980000,0x00000000dc100000)
 ParOldGen       total 54272K, used 11780K [0x0000000081800000, 0x0000000084d00000, 0x00000000d5d80000)
  object space 54272K, 21% used [0x0000000081800000,0x00000000823811d8,0x0000000084d00000)
 Metaspace       used 32669K, capacity 34968K, committed 35072K, reserved 1079296K
  class space    used 4372K, capacity 4804K, committed 4864K, reserved 1048576K
}
Event: 25.270 GC heap before
{Heap before GC invocations=14 (full 1):
 PSYoungGen      total 101888K, used 12513K [0x00000000d5d80000, 0x00000000dc980000, 0x0000000100000000)
  eden space 94208K, 7% used [0x00000000d5d80000,0x00000000d6477c68,0x00000000db980000)
  from space 7680K, 70% used [0x00000000dc100000,0x00000000dc640920,0x00000000dc880000)
  to   space 7680K, 0% used [0x00000000db980000,0x00000000db980000,0x00000000dc100000)
 ParOldGen       total 54272K, used 11780K [0x0000000081800000, 0x0000000084d00000, 0x00000000d5d80000)
  object space 54272K, 21% used [0x0000000081800000,0x00000000823811d8,0x0000000084d00000)
 Metaspace       used 32939K, capacity 35318K, committed 35496K, reserved 1079296K
  class space    used 4415K, capacity 4847K, committed 4864K, reserved 1048576K
Event: 25.328 GC heap after
Heap after GC invocations=14 (full 1):
 PSYoungGen      total 101888K, used 736K [0x00000000d5d80000, 0x00000000dc980000, 0x0000000100000000)
  eden space 94208K, 0% used [0x00000000d5d80000,0x00000000d5d80000,0x00000000db980000)
  from space 7680K, 9% used [0x00000000db980000,0x00000000dba38000,0x00000000dc100000)
  to   space 7680K, 0% used [0x00000000dc100000,0x00000000dc100000,0x00000000dc880000)
 ParOldGen       total 54272K, used 13860K [0x0000000081800000, 0x0000000084d00000, 0x00000000d5d80000)
  object space 54272K, 25% used [0x0000000081800000,0x0000000082589228,0x0000000084d00000)
 Metaspace       used 32939K, capacity 35318K, committed 35496K, reserved 1079296K
  class space    used 4415K, capacity 4847K, committed 4864K, reserved 1048576K
}
Event: 25.328 GC heap before
{Heap before GC invocations=15 (full 2):
 PSYoungGen      total 101888K, used 736K [0x00000000d5d80000, 0x00000000dc980000, 0x0000000100000000)
  eden space 94208K, 0% used [0x00000000d5d80000,0x00000000d5d80000,0x00000000db980000)
  from space 7680K, 9% used [0x00000000db980000,0x00000000dba38000,0x00000000dc100000)
  to   space 7680K, 0% used [0x00000000dc100000,0x00000000dc100000,0x00000000dc880000)
 ParOldGen       total 54272K, used 13860K [0x0000000081800000, 0x0000000084d00000, 0x00000000d5d80000)
  object space 54272K, 25% used [0x0000000081800000,0x0000000082589228,0x0000000084d00000)
 Metaspace       used 32939K, capacity 35318K, committed 35496K, reserved 1079296K
  class space    used 4415K, capacity 4847K, committed 4864K, reserved 1048576K
Event: 25.551 GC heap after
Heap after GC invocations=15 (full 2):
 PSYoungGen      total 101888K, used 0K [0x00000000d5d80000, 0x00000000dc980000, 0x0000000100000000)
  eden space 94208K, 0% used [0x00000000d5d80000,0x00000000d5d80000,0x00000000db980000)
  from space 7680K, 0% used [0x00000000db980000,0x00000000db980000,0x00000000dc100000)
  to   space 7680K, 0% used [0x00000000dc100000,0x00000000dc100000,0x00000000dc880000)
 ParOldGen       total 69120K, used 11991K [0x0000000081800000, 0x0000000085b80000, 0x00000000d5d80000)
  object space 69120K, 17% used [0x0000000081800000,0x00000000823b5dc0,0x0000000085b80000)
 Metaspace       used 32939K, capacity 35318K, committed 35496K, reserved 1079296K
  class space    used 4415K, capacity 4847K, committed 4864K, reserved 1048576K
}

