# JRE version: Java(TM) SE Runtime Environment (8.0_111-b14) (build 1.8.0_111-b14)
# Java VM: Java HotSpot(TM) 64-Bit Server VM (25.111-b14 mixed mode windows-amd64 compressed oops)
Heap:
 PSYoungGen      total 146944K, used 99375K [0x00000000d5d80000, 0x00000000dfa80000, 0x0000000100000000)
  eden space 133120K, 64% used [0x00000000d5d80000,0x00000000db113d38,0x00000000ddf80000)
  from space 13824K, 99% used [0x00000000ded00000,0x00000000dfa781e8,0x00000000dfa80000)
  to   space 13824K, 0% used [0x00000000ddf80000,0x00000000ddf80000,0x00000000ded00000)
 ParOldGen       total 78336K, used 30292K [0x0000000081800000, 0x0000000086480000, 0x00000000d5d80000)
  object space 78336K, 38% used [0x0000000081800000,0x00000000835951a0,0x0000000086480000)
 Metaspace       used 24998K, capacity 25668K, committed 25904K, reserved 1073152K
  class space    used 2874K, capacity 3048K, committed 3120K, reserved 1048576K
GC Heap History (10 events):
Event: 4.125 GC heap before
{Heap before GC invocations=5 (full 0):
 PSYoungGen      total 71680K, used 71664K [0x00000000d5d80000, 0x00000000da880000, 0x0000000100000000)
  eden space 66560K, 100% used [0x00000000d5d80000,0x00000000d9e80000,0x00000000d9e80000)
  from space 5120K, 99% used [0x00000000da380000,0x00000000da87c030,0x00000000da880000)
  to   space 5120K, 0% used [0x00000000d9e80000,0x00000000d9e80000,0x00000000da380000)
 ParOldGen       total 87552K, used 9776K [0x0000000081800000, 0x0000000086d80000, 0x00000000d5d80000)
  object space 87552K, 11% used [0x0000000081800000,0x000000008218c360,0x0000000086d80000)
 Metaspace       used 15996K, capacity 16336K, committed 16640K, reserved 1064960K
  class space    used 1868K, capacity 1986K, committed 2048K, reserved 1048576K
Event: 4.160 GC heap after
Heap after GC invocations=5 (full 0):
 PSYoungGen      total 71680K, used 5104K [0x00000000d5d80000, 0x00000000dfa80000, 0x0000000100000000)
  eden space 66560K, 0% used [0x00000000d5d80000,0x00000000d5d80000,0x00000000d9e80000)
  from space 5120K, 99% used [0x00000000d9e80000,0x00000000da37c030,0x00000000da380000)
  to   space 13824K, 0% used [0x00000000ded00000,0x00000000ded00000,0x00000000dfa80000)
 ParOldGen       total 87552K, used 17791K [0x0000000081800000, 0x0000000086d80000, 0x00000000d5d80000)
  object space 87552K, 20% used [0x0000000081800000,0x000000008295fd20,0x0000000086d80000)
 Metaspace       used 15996K, capacity 16336K, committed 16640K, reserved 1064960K
  class space    used 1868K, capacity 1986K, committed 2048K, reserved 1048576K
}
Event: 5.133 GC heap before
{Heap before GC invocations=6 (full 0):
 PSYoungGen      total 71680K, used 68819K [0x00000000d5d80000, 0x00000000dfa80000, 0x0000000100000000)
  eden space 66560K, 95% used [0x00000000d5d80000,0x00000000d9bb8f78,0x00000000d9e80000)
  from space 5120K, 99% used [0x00000000d9e80000,0x00000000da37c030,0x00000000da380000)
  to   space 13824K, 0% used [0x00000000ded00000,0x00000000ded00000,0x00000000dfa80000)
 ParOldGen       total 87552K, used 17791K [0x0000000081800000, 0x0000000086d80000, 0x00000000d5d80000)
  object space 87552K, 20% used [0x0000000081800000,0x000000008295fd20,0x0000000086d80000)
 Metaspace       used 17492K, capacity 17896K, committed 18048K, reserved 1064960K
  class space    used 2003K, capacity 2122K, committed 2176K, reserved 1048576K
Event: 5.176 GC heap after
Heap after GC invocations=6 (full 0):
 PSYoungGen      total 146944K, used 10451K [0x00000000d5d80000, 0x00000000dfa80000, 0x0000000100000000)
  eden space 133120K, 0% used [0x00000000d5d80000,0x00000000d5d80000,0x00000000ddf80000)
  from space 13824K, 75% used [0x00000000ded00000,0x00000000df734f88,0x00000000dfa80000)
  to   space 13824K, 0% used [0x00000000ddf80000,0x00000000ddf80000,0x00000000ded00000)
 ParOldGen       total 87552K, used 17791K [0x0000000081800000, 0x0000000086d80000, 0x00000000d5d80000)
  object space 87552K, 20% used [0x0000000081800000,0x000000008295fd20,0x0000000086d80000)
 Metaspace       used 17492K, capacity 17896K, committed 18048K, reserved 1064960K
  class space    used 2003K, capacity 2122K, committed 2176K, reserved 1048576K
}
Event: 5.746 GC heap before
{Heap before GC invocations=7 (full 0):
 PSYoungGen      total 146944K, used 77844K [0x00000000d5d80000, 0x00000000dfa80000, 0x0000000100000000)
  eden space 133120K, 50% used [0x00000000d5d80000,0x00000000d9f502e0,0x00000000ddf80000)
  from space 13824K, 75% used [0x00000000ded00000,0x00000000df734f88,0x00000000dfa80000)
  to   space 13824K, 0% used [0x00000000ddf80000,0x00000000ddf80000,0x00000000ded00000)
 ParOldGen       total 87552K, used 17791K [0x0000000081800000, 0x0000000086d80000, 0x00000000d5d80000)
  object space 87552K, 20% used [0x0000000081800000,0x000000008295fd20,0x0000000086d80000)
 Metaspace       used 20825K, capacity 21256K, committed 21296K, reserved 1069056K
  class space    used 2456K, capacity 2586K, committed 2608K, reserved 1048576K
Event: 5.774 GC heap after
Heap after GC invocations=7 (full 0):
 PSYoungGen      total 146944K, used 9919K [0x00000000d5d80000, 0x00000000dfa80000, 0x0000000100000000)
  eden space 133120K, 0% used [0x00000000d5d80000,0x00000000d5d80000,0x00000000ddf80000)
  from space 13824K, 71% used [0x00000000ddf80000,0x00000000de92fd30,0x00000000ded00000)
  to   space 13824K, 0% used [0x00000000ded00000,0x00000000ded00000,0x00000000dfa80000)
 ParOldGen       total 87552K, used 19001K [0x0000000081800000, 0x0000000086d80000, 0x00000000d5d80000)
  object space 87552K, 21% used [0x0000000081800000,0x0000000082a8e550,0x0000000086d80000)
 Metaspace       used 20825K, capacity 21256K, committed 21296K, reserved 1069056K
  class space    used 2456K, capacity 2586K, committed 2608K, reserved 1048576K
}
Event: 5.774 GC heap before
{Heap before GC invocations=8 (full 1):
 PSYoungGen      total 146944K, used 9919K [0x00000000d5d80000, 0x00000000dfa80000, 0x0000000100000000)
  eden space 133120K, 0% used [0x00000000d5d80000,0x00000000d5d80000,0x00000000ddf80000)
  from space 13824K, 71% used [0x00000000ddf80000,0x00000000de92fd30,0x00000000ded00000)
  to   space 13824K, 0% used [0x00000000ded00000,0x00000000ded00000,0x00000000dfa80000)
 ParOldGen       total 87552K, used 19001K [0x0000000081800000, 0x0000000086d80000, 0x00000000d5d80000)
  object space 87552K, 21% used [0x0000000081800000,0x0000000082a8e550,0x0000000086d80000)
 Metaspace       used 20825K, capacity 21256K, committed 21296K, reserved 1069056K
  class space    used 2456K, capacity 2586K, committed 2608K, reserved 1048576K
Event: 5.932 GC heap after
Heap after GC invocations=8 (full 1):
 PSYoungGen      total 146944K, used 0K [0x00000000d5d80000, 0x00000000dfa80000, 0x0000000100000000)
  eden space 133120K, 0% used [0x00000000d5d80000,0x00000000d5d80000,0x00000000ddf80000)
  from space 13824K, 0% used [0x00000000ddf80000,0x00000000ddf80000,0x00000000ded00000)
  to   space 13824K, 0% used [0x00000000ded00000,0x00000000ded00000,0x00000000dfa80000)
 ParOldGen       total 78336K, used 22356K [0x0000000081800000, 0x0000000086480000, 0x00000000d5d80000)
  object space 78336K, 28% used [0x0000000081800000,0x0000000082dd5018,0x0000000086480000)
 Metaspace       used 20825K, capacity 21256K, committed 21296K, reserved 1069056K
  class space    used 2456K, capacity 2586K, committed 2608K, reserved 1048576K
}
Event: 8.215 GC heap before
{Heap before GC invocations=9 (full 1):
 PSYoungGen      total 146944K, used 133120K [0x00000000d5d80000, 0x00000000dfa80000, 0x0000000100000000)
  eden space 133120K, 100% used [0x00000000d5d80000,0x00000000ddf80000,0x00000000ddf80000)
  from space 13824K, 0% used [0x00000000ddf80000,0x00000000ddf80000,0x00000000ded00000)
  to   space 13824K, 0% used [0x00000000ded00000,0x00000000ded00000,0x00000000dfa80000)
 ParOldGen       total 78336K, used 22356K [0x0000000081800000, 0x0000000086480000, 0x00000000d5d80000)
  object space 78336K, 28% used [0x0000000081800000,0x0000000082dd5018,0x0000000086480000)
 Metaspace       used 24155K, capacity 24728K, committed 25008K, reserved 1071104K
  class space    used 2805K, capacity 2952K, committed 2992K, reserved 1048576K
Event: 8.249 GC heap after
Heap after GC invocations=9 (full 1):
 PSYoungGen      total 146944K, used 13792K [0x00000000d5d80000, 0x00000000dfa80000, 0x0000000100000000)
  eden space 133120K, 0% used [0x00000000d5d80000,0x00000000d5d80000,0x00000000ddf80000)
  from space 13824K, 99% used [0x00000000ded00000,0x00000000dfa781e8,0x00000000dfa80000)
  to   space 13824K, 0% used [0x00000000ddf80000,0x00000000ddf80000,0x00000000ded00000)
 ParOldGen       total 78336K, used 30292K [0x0000000081800000, 0x0000000086480000, 0x00000000d5d80000)
  object space 78336K, 38% used [0x0000000081800000,0x00000000835951a0,0x0000000086480000)
 Metaspace       used 24155K, capacity 24728K, committed 25008K, reserved 1071104K
  class space    used 2805K, capacity 2952K, committed 2992K, reserved 1048576K
}

